Determining if the pthread_create exist failed with the following output:
Change Dir: /home/swarm/catkin_ws/src/swarm_pathfinding/build/CMakeFiles/CMakeTmp

Run Build Command:"/usr/bin/make" "cmTC_820a9/fast"
/usr/bin/make -f CMakeFiles/cmTC_820a9.dir/build.make CMakeFiles/cmTC_820a9.dir/build
make[1]: Entering directory '/home/swarm/catkin_ws/src/swarm_pathfinding/build/CMakeFiles/CMakeTmp'
Building C object CMakeFiles/cmTC_820a9.dir/CheckSymbolExists.c.o
/usr/bin/gcc    -o CMakeFiles/cmTC_820a9.dir/CheckSymbolExists.c.o   -c /home/swarm/catkin_ws/src/swarm_pathfinding/build/CMakeFiles/CMakeTmp/CheckSymbolExists.c
Linking C executable cmTC_820a9
/usr/bin/cmake -E cmake_link_script CMakeFiles/cmTC_820a9.dir/link.txt --verbose=1
/usr/bin/gcc      -rdynamic CMakeFiles/cmTC_820a9.dir/CheckSymbolExists.c.o  -o cmTC_820a9 
CMakeFiles/cmTC_820a9.dir/CheckSymbolExists.c.o: In function `main':
CheckSymbolExists.c:(.text+0x1b): undefined reference to `pthread_create'
collect2: error: ld returned 1 exit status
CMakeFiles/cmTC_820a9.dir/build.make:97: recipe for target 'cmTC_820a9' failed
make[1]: *** [cmTC_820a9] Error 1
make[1]: Leaving directory '/home/swarm/catkin_ws/src/swarm_pathfinding/build/CMakeFiles/CMakeTmp'
Makefile:126: recipe for target 'cmTC_820a9/fast' failed
make: *** [cmTC_820a9/fast] Error 2

File /home/swarm/catkin_ws/src/swarm_pathfinding/build/CMakeFiles/CMakeTmp/CheckSymbolExists.c:
/* */
#include <pthread.h>

int main(int argc, char** argv)
{
  (void)argv;
#ifndef pthread_create
  return ((int*)(&pthread_create))[argc];
#else
  (void)argc;
  return 0;
#endif
}

Determining if the function pthread_create exists in the pthreads failed with the following output:
Change Dir: /home/swarm/catkin_ws/src/swarm_pathfinding/build/CMakeFiles/CMakeTmp

Run Build Command:"/usr/bin/make" "cmTC_10f73/fast"
/usr/bin/make -f CMakeFiles/cmTC_10f73.dir/build.make CMakeFiles/cmTC_10f73.dir/build
make[1]: Entering directory '/home/swarm/catkin_ws/src/swarm_pathfinding/build/CMakeFiles/CMakeTmp'
Building C object CMakeFiles/cmTC_10f73.dir/CheckFunctionExists.c.o
/usr/bin/gcc   -DCHECK_FUNCTION_EXISTS=pthread_create   -o CMakeFiles/cmTC_10f73.dir/CheckFunctionExists.c.o   -c /usr/share/cmake-3.10/Modules/CheckFunctionExists.c
Linking C executable cmTC_10f73
/usr/bin/cmake -E cmake_link_script CMakeFiles/cmTC_10f73.dir/link.txt --verbose=1
/usr/bin/gcc  -DCHECK_FUNCTION_EXISTS=pthread_create    -rdynamic CMakeFiles/cmTC_10f73.dir/CheckFunctionExists.c.o  -o cmTC_10f73 -lpthreads 
/usr/bin/ld: cannot find -lpthreads
collect2: error: ld returned 1 exit status
CMakeFiles/cmTC_10f73.dir/build.make:97: recipe for target 'cmTC_10f73' failed
make[1]: *** [cmTC_10f73] Error 1
make[1]: Leaving directory '/home/swarm/catkin_ws/src/swarm_pathfinding/build/CMakeFiles/CMakeTmp'
Makefile:126: recipe for target 'cmTC_10f73/fast' failed
make: *** [cmTC_10f73/fast] Error 2


